Using pre-set license
Built from '2020.3/release' branch; Version is '2020.3.7f1 (dd97f2c94397) revision 14522354'; Using compiler version '192528614'; Build Type 'Release'
OS: 'Windows 10 Pro; OS build 19042.1288; Version 2009; 64bit' Language: 'en' Physical Memory: 32658 MB
BatchMode: 1, IsHumanControllingUs: 0, StartBugReporterOnCrash: 0, Is64bit: 1, IsPro: 0

 COMMAND LINE ARGUMENTS:
C:\Program Files\Unity\Hub\Editor\2020.3.7f1\Editor\Unity.exe
-adb2
-batchMode
-noUpm
-name
AssetImportWorker0
-projectPath
C:/Users/VARLAB/Documents/GitHub/MultiBodySwap/MultiplayerBodySwap
-logFile
Logs/AssetImportWorker0.log
-srvPort
51483
Successfully changed project path to: C:/Users/VARLAB/Documents/GitHub/MultiBodySwap/MultiplayerBodySwap
C:/Users/VARLAB/Documents/GitHub/MultiBodySwap/MultiplayerBodySwap
Using Asset Import Pipeline V2.
Unable to join player connection multicast group.

Refreshing native plugins compatible for Editor in 77.79 ms, found 9 plugins.
Preloading 0 native plugins for Editor in 0.00 ms.
Initialize engine version: 2020.3.7f1 (dd97f2c94397)
[Subsystems] Discovering subsystems at path C:/Program Files/Unity/Hub/Editor/2020.3.7f1/Editor/Data/Resources/UnitySubsystems
[Subsystems] Discovering subsystems at path C:/Users/VARLAB/Documents/GitHub/MultiBodySwap/MultiplayerBodySwap/Assets
GfxDevice: creating device client; threaded=0
Direct3D:
    Version:  Direct3D 11.0 [level 11.1]
    Renderer: NVIDIA GeForce GTX 1080 (ID=0x1b80)
    Vendor:   
    VRAM:     7988 MB
    Driver:   30.0.14.9613
Initialize mono
Mono path[0] = 'C:/Program Files/Unity/Hub/Editor/2020.3.7f1/Editor/Data/Managed'
Mono path[1] = 'C:/Program Files/Unity/Hub/Editor/2020.3.7f1/Editor/Data/MonoBleedingEdge/lib/mono/unityjit'
Mono config path = 'C:/Program Files/Unity/Hub/Editor/2020.3.7f1/Editor/Data/MonoBleedingEdge/etc'
Using monoOptions --debugger-agent=transport=dt_socket,embedding=1,server=y,suspend=n,address=127.0.0.1:56176
Begin MonoManager ReloadAssembly
Registering precompiled unity dll's ...
Register platform support module: C:/Program Files/Unity/Hub/Editor/2020.3.7f1/Editor/Data/PlaybackEngines/WindowsStandaloneSupport/UnityEditor.WindowsStandalone.Extensions.dll
Registered in 0.003482 seconds.
Native extension for WindowsStandalone target not found
Refreshing native plugins compatible for Editor in 63.90 ms, found 9 plugins.
Preloading 0 native plugins for Editor in 0.00 ms.
Mono: successfully reloaded assembly
- Completed reload, in  1.572 seconds
Platform modules already initialized, skipping
Registering precompiled user dll's ...
Registered in 0.010961 seconds.
Begin MonoManager ReloadAssembly
Native extension for WindowsStandalone target not found
Refreshing native plugins compatible for Editor in 63.68 ms, found 9 plugins.
Preloading 0 native plugins for Editor in 0.00 ms.
Mono: successfully reloaded assembly
- Completed reload, in  2.272 seconds
Platform modules already initialized, skipping
========================================================================
Worker process is ready to serve import requests
Launched and connected shader compiler UnityShaderCompiler.exe after 0.06 seconds
Refreshing native plugins compatible for Editor in 0.98 ms, found 9 plugins.
Preloading 0 native plugins for Editor in 0.00 ms.
Unloading 2616 Unused Serialized files (Serialized files now loaded: 0)
System memory in use before: 122.3 MB.
System memory in use after: 122.3 MB.

Unloading 37 unused Assets to reduce memory usage. Loaded Objects now: 3057.
Total: 4.919400 ms (FindLiveObjects: 0.711400 ms CreateObjectMapping: 0.171100 ms MarkObjects: 3.922000 ms  DeleteObjects: 0.113100 ms)

========================================================================
Received Import Request.
  path: Assets/Resources/ManReplica.prefab
  artifactKey: Guid(df1473bd2551ef8449b20b198f258db4) Importer(815301076,1909f56bfc062723c751e8b465ee728b)
Start importing Assets/Resources/ManReplica.prefab using Guid(df1473bd2551ef8449b20b198f258db4) Importer(815301076,1909f56bfc062723c751e8b465ee728b)  -> (artifact id: '04cc6c8c82fd31a5bf096a844cc11325') in 0.270148 seconds
  Import took 0.277371 seconds .

========================================================================
Received Import Request.
  Time since last request: 3.691919 seconds.
  path: Assets/Resources/ManReplica.prefab
  artifactKey: Guid(df1473bd2551ef8449b20b198f258db4) Importer(815301076,1909f56bfc062723c751e8b465ee728b)
Start importing Assets/Resources/ManReplica.prefab using Guid(df1473bd2551ef8449b20b198f258db4) Importer(815301076,1909f56bfc062723c751e8b465ee728b)  -> (artifact id: '497ba64000e0694120da736a0a30a36d') in 0.040616 seconds
  Import took 0.048658 seconds .

AssetImportWorkerClient::OnTransportError - code=2 error=End of file
