Using pre-set license
Built from '2020.3/release' branch; Version is '2020.3.7f1 (dd97f2c94397) revision 14522354'; Using compiler version '192528614'; Build Type 'Release'
OS: 'Windows 10 Home; OS build 19043.1165; Version 2009; 64bit' Language: 'it' Physical Memory: 15741 MB
BatchMode: 1, IsHumanControllingUs: 0, StartBugReporterOnCrash: 0, Is64bit: 1, IsPro: 0

 COMMAND LINE ARGUMENTS:
C:\Program Files\Unity\Hub\Editor\2020.3.7f1\Editor\Unity.exe
-adb2
-batchMode
-noUpm
-name
AssetImportWorker0
-projectPath
C:/Users/paola/Desktop/MultiBodySwap/MultiplayerBodySwap
-logFile
Logs/AssetImportWorker0.log
-srvPort
62819
Successfully changed project path to: C:/Users/paola/Desktop/MultiBodySwap/MultiplayerBodySwap
C:/Users/paola/Desktop/MultiBodySwap/MultiplayerBodySwap
Using Asset Import Pipeline V2.
Refreshing native plugins compatible for Editor in 78.36 ms, found 9 plugins.
Preloading 0 native plugins for Editor in 0.00 ms.
Initialize engine version: 2020.3.7f1 (dd97f2c94397)
[Subsystems] Discovering subsystems at path C:/Program Files/Unity/Hub/Editor/2020.3.7f1/Editor/Data/Resources/UnitySubsystems
[Subsystems] Discovering subsystems at path C:/Users/paola/Desktop/MultiBodySwap/MultiplayerBodySwap/Assets
GfxDevice: creating device client; threaded=0
Direct3D:
    Version:  Direct3D 11.0 [level 11.1]
    Renderer: NVIDIA GeForce GTX 1650 Ti (ID=0x1f95)
    Vendor:   
    VRAM:     3962 MB
    Driver:   30.0.14.7196
Initialize mono
Mono path[0] = 'C:/Program Files/Unity/Hub/Editor/2020.3.7f1/Editor/Data/Managed'
Mono path[1] = 'C:/Program Files/Unity/Hub/Editor/2020.3.7f1/Editor/Data/MonoBleedingEdge/lib/mono/unityjit'
Mono config path = 'C:/Program Files/Unity/Hub/Editor/2020.3.7f1/Editor/Data/MonoBleedingEdge/etc'
Using monoOptions --debugger-agent=transport=dt_socket,embedding=1,server=y,suspend=n,address=127.0.0.1:56992
Begin MonoManager ReloadAssembly
Registering precompiled unity dll's ...
Register platform support module: C:/Program Files/Unity/Hub/Editor/2020.3.7f1/Editor/Data/PlaybackEngines/WindowsStandaloneSupport/UnityEditor.WindowsStandalone.Extensions.dll
Registered in 0.002539 seconds.
Native extension for WindowsStandalone target not found
Refreshing native plugins compatible for Editor in 60.87 ms, found 9 plugins.
Preloading 0 native plugins for Editor in 0.00 ms.
Mono: successfully reloaded assembly
- Completed reload, in  1.379 seconds
Platform modules already initialized, skipping
Registering precompiled user dll's ...
Registered in 0.010983 seconds.
Begin MonoManager ReloadAssembly
Native extension for WindowsStandalone target not found
Refreshing native plugins compatible for Editor in 48.47 ms, found 9 plugins.
Preloading 0 native plugins for Editor in 0.00 ms.
Mono: successfully reloaded assembly
- Completed reload, in  1.553 seconds
Platform modules already initialized, skipping
========================================================================
Worker process is ready to serve import requests
Launched and connected shader compiler UnityShaderCompiler.exe after 0.05 seconds
Refreshing native plugins compatible for Editor in 0.77 ms, found 9 plugins.
Preloading 0 native plugins for Editor in 0.00 ms.
Unloading 2627 Unused Serialized files (Serialized files now loaded: 0)
System memory in use before: 123.6 MB.
System memory in use after: 123.6 MB.

Unloading 38 unused Assets to reduce memory usage. Loaded Objects now: 3074.
Total: 3.344700 ms (FindLiveObjects: 0.464200 ms CreateObjectMapping: 0.150900 ms MarkObjects: 2.622900 ms  DeleteObjects: 0.104700 ms)

========================================================================
Received Import Request.
  path: Assets/Resources/Man.prefab
  artifactKey: Guid(dcd8f4beec997444da8377ed96b4300d) Importer(815301076,1909f56bfc062723c751e8b465ee728b)
Start importing Assets/Resources/Man.prefab using Guid(dcd8f4beec997444da8377ed96b4300d) Importer(815301076,1909f56bfc062723c751e8b465ee728b)  -> (artifact id: '6d9556d32e43198d84058788af11703e') in 0.276099 seconds
  Import took 0.282180 seconds .

========================================================================
Received Import Request.
  Time since last request: 0.000302 seconds.
  path: Assets/Resources/decimatedAhmed1 (4).fbx
  artifactKey: Guid(0189827d7dcb0554789c67dfa92d4276) Importer(815301076,1909f56bfc062723c751e8b465ee728b)
Start importing Assets/Resources/decimatedAhmed1 (4).fbx using Guid(0189827d7dcb0554789c67dfa92d4276) Importer(815301076,1909f56bfc062723c751e8b465ee728b)  -> (artifact id: 'd742e5b5185ce4b80c7b2c69f4b8931c') in 0.207758 seconds
  Import took 0.214625 seconds .

========================================================================
Received Import Request.
  Time since last request: 0.000401 seconds.
  path: Assets/Resources/LISA.fbx
  artifactKey: Guid(3ace130dbca415e4ab641ddf57e7b981) Importer(815301076,1909f56bfc062723c751e8b465ee728b)
Start importing Assets/Resources/LISA.fbx using Guid(3ace130dbca415e4ab641ddf57e7b981) Importer(815301076,1909f56bfc062723c751e8b465ee728b)  -> (artifact id: '671cfe58fb0a21b6f486dcf1d8094c43') in 0.367994 seconds
  Import took 0.378541 seconds .

========================================================================
Received Import Request.
  Time since last request: 19.970748 seconds.
  path: Assets/Scripts/ComponentsCopier.cs
  artifactKey: Guid(3216b1d6969949a4f9d734ef4ffa0b4b) Importer(815301076,1909f56bfc062723c751e8b465ee728b)
Start importing Assets/Scripts/ComponentsCopier.cs using Guid(3216b1d6969949a4f9d734ef4ffa0b4b) Importer(815301076,1909f56bfc062723c751e8b465ee728b)  -> (artifact id: '7f05383ba7e5322eb1ab39c60ecdb5b2') in 0.012964 seconds
  Import took 0.018912 seconds .

========================================================================
Received Import Request.
  Time since last request: 0.027865 seconds.
  path: Assets/Scripts/ComponentsCopier.cs
  artifactKey: Guid(3216b1d6969949a4f9d734ef4ffa0b4b) Importer(815301076,1909f56bfc062723c751e8b465ee728b)
Start importing Assets/Scripts/ComponentsCopier.cs using Guid(3216b1d6969949a4f9d734ef4ffa0b4b) Importer(815301076,1909f56bfc062723c751e8b465ee728b)  -> (artifact id: '7f05383ba7e5322eb1ab39c60ecdb5b2') in 0.003759 seconds
  Import took 0.009629 seconds .

========================================================================
Received Prepare
Registering precompiled user dll's ...
Registered in 0.012493 seconds.
Begin MonoManager ReloadAssembly
Native extension for WindowsStandalone target not found
Refreshing native plugins compatible for Editor in 1.16 ms, found 9 plugins.
Preloading 0 native plugins for Editor in 0.00 ms.
Mono: successfully reloaded assembly
- Completed reload, in  1.642 seconds
Platform modules already initialized, skipping
Refreshing native plugins compatible for Editor in 1.16 ms, found 9 plugins.
Preloading 0 native plugins for Editor in 0.00 ms.
Unloading 2573 Unused Serialized files (Serialized files now loaded: 0)
System memory in use before: 134.1 MB.
System memory in use after: 134.2 MB.

Unloading 30 unused Assets to reduce memory usage. Loaded Objects now: 3122.
Total: 5.663100 ms (FindLiveObjects: 0.476600 ms CreateObjectMapping: 0.122200 ms MarkObjects: 4.959200 ms  DeleteObjects: 0.103300 ms)

========================================================================
Received Prepare
Registering precompiled user dll's ...
Registered in 0.013276 seconds.
Begin MonoManager ReloadAssembly
Native extension for WindowsStandalone target not found
Refreshing native plugins compatible for Editor in 1.18 ms, found 9 plugins.
Preloading 0 native plugins for Editor in 0.00 ms.
Mono: successfully reloaded assembly
- Completed reload, in  1.616 seconds
Platform modules already initialized, skipping
Refreshing native plugins compatible for Editor in 1.03 ms, found 9 plugins.
Preloading 0 native plugins for Editor in 0.00 ms.
Unloading 2573 Unused Serialized files (Serialized files now loaded: 0)
System memory in use before: 134.1 MB.
System memory in use after: 134.3 MB.

Unloading 30 unused Assets to reduce memory usage. Loaded Objects now: 3127.
Total: 5.356100 ms (FindLiveObjects: 0.511000 ms CreateObjectMapping: 0.275200 ms MarkObjects: 4.471700 ms  DeleteObjects: 0.096400 ms)

========================================================================
Received Prepare
Registering precompiled user dll's ...
Registered in 0.015499 seconds.
Begin MonoManager ReloadAssembly
Native extension for WindowsStandalone target not found
Refreshing native plugins compatible for Editor in 1.14 ms, found 9 plugins.
Preloading 0 native plugins for Editor in 0.00 ms.
Mono: successfully reloaded assembly
- Completed reload, in  1.643 seconds
Platform modules already initialized, skipping
Refreshing native plugins compatible for Editor in 1.15 ms, found 9 plugins.
Preloading 0 native plugins for Editor in 0.00 ms.
Unloading 2573 Unused Serialized files (Serialized files now loaded: 0)
System memory in use before: 134.1 MB.
System memory in use after: 134.3 MB.

Unloading 30 unused Assets to reduce memory usage. Loaded Objects now: 3132.
Total: 5.252300 ms (FindLiveObjects: 0.357600 ms CreateObjectMapping: 0.120300 ms MarkObjects: 4.675400 ms  DeleteObjects: 0.097400 ms)

========================================================================
Received Prepare
Registering precompiled user dll's ...
Registered in 0.012377 seconds.
Begin MonoManager ReloadAssembly
Native extension for WindowsStandalone target not found
Refreshing native plugins compatible for Editor in 1.29 ms, found 9 plugins.
Preloading 0 native plugins for Editor in 0.00 ms.
Mono: successfully reloaded assembly
- Completed reload, in  1.630 seconds
Platform modules already initialized, skipping
Refreshing native plugins compatible for Editor in 1.39 ms, found 9 plugins.
Preloading 0 native plugins for Editor in 0.00 ms.
Unloading 2573 Unused Serialized files (Serialized files now loaded: 0)
System memory in use before: 134.2 MB.
System memory in use after: 134.3 MB.

Unloading 30 unused Assets to reduce memory usage. Loaded Objects now: 3137.
Total: 5.127000 ms (FindLiveObjects: 0.514000 ms CreateObjectMapping: 0.208600 ms MarkObjects: 4.296700 ms  DeleteObjects: 0.105500 ms)

========================================================================
Received Prepare
Registering precompiled user dll's ...
Registered in 0.013196 seconds.
Begin MonoManager ReloadAssembly
Native extension for WindowsStandalone target not found
Refreshing native plugins compatible for Editor in 1.16 ms, found 9 plugins.
Preloading 0 native plugins for Editor in 0.00 ms.
Mono: successfully reloaded assembly
- Completed reload, in  1.572 seconds
Platform modules already initialized, skipping
Refreshing native plugins compatible for Editor in 1.17 ms, found 9 plugins.
Preloading 0 native plugins for Editor in 0.00 ms.
Unloading 2573 Unused Serialized files (Serialized files now loaded: 0)
System memory in use before: 134.1 MB.
System memory in use after: 134.3 MB.

Unloading 30 unused Assets to reduce memory usage. Loaded Objects now: 3142.
Total: 4.695900 ms (FindLiveObjects: 0.485900 ms CreateObjectMapping: 0.211700 ms MarkObjects: 3.871900 ms  DeleteObjects: 0.124000 ms)

========================================================================
Received Prepare
Registering precompiled user dll's ...
Registered in 0.012375 seconds.
Begin MonoManager ReloadAssembly
Native extension for WindowsStandalone target not found
Refreshing native plugins compatible for Editor in 1.17 ms, found 9 plugins.
Preloading 0 native plugins for Editor in 0.00 ms.
Mono: successfully reloaded assembly
- Completed reload, in  1.633 seconds
Platform modules already initialized, skipping
Refreshing native plugins compatible for Editor in 1.13 ms, found 9 plugins.
Preloading 0 native plugins for Editor in 0.00 ms.
Unloading 2573 Unused Serialized files (Serialized files now loaded: 0)
System memory in use before: 134.2 MB.
System memory in use after: 134.4 MB.

Unloading 30 unused Assets to reduce memory usage. Loaded Objects now: 3147.
Total: 5.846100 ms (FindLiveObjects: 0.492600 ms CreateObjectMapping: 0.203800 ms MarkObjects: 5.032800 ms  DeleteObjects: 0.114900 ms)

========================================================================
Received Prepare
Registering precompiled user dll's ...
Registered in 0.012673 seconds.
Begin MonoManager ReloadAssembly
Native extension for WindowsStandalone target not found
Refreshing native plugins compatible for Editor in 1.17 ms, found 9 plugins.
Preloading 0 native plugins for Editor in 0.00 ms.
Mono: successfully reloaded assembly
- Completed reload, in  1.638 seconds
Platform modules already initialized, skipping
Refreshing native plugins compatible for Editor in 1.14 ms, found 9 plugins.
Preloading 0 native plugins for Editor in 0.00 ms.
Unloading 2573 Unused Serialized files (Serialized files now loaded: 0)
System memory in use before: 134.2 MB.
System memory in use after: 134.4 MB.

Unloading 30 unused Assets to reduce memory usage. Loaded Objects now: 3152.
Total: 4.810500 ms (FindLiveObjects: 0.496500 ms CreateObjectMapping: 0.208500 ms MarkObjects: 3.989300 ms  DeleteObjects: 0.114700 ms)

